\BOOKMARK [1][-]{section*.4}{Glossaire}{}% 1
\BOOKMARK [1][-]{section.1}{Introduction}{}% 2
\BOOKMARK [2][-]{subsection.1.1}{Le ma\357s, une esp\350ce mod\350le d'int\351r\352t agronomique}{section.1}% 3
\BOOKMARK [3][-]{subsubsection.1.1.1}{G\351n\351ralit\351s sur le ma\357s}{subsection.1.1}% 4
\BOOKMARK [3][-]{subsubsection.1.1.2}{Histoire du ma\357s}{subsection.1.1}% 5
\BOOKMARK [2][-]{subsection.1.2}{Pr\351sentation de l'exp\351rience de s\351lection divergente}{section.1}% 6
\BOOKMARK [3][-]{subsubsection.1.2.1}{G\351n\351ralit\351s}{subsection.1.2}% 7
\BOOKMARK [3][-]{subsubsection.1.2.2}{L'exp\351rience de s\351lection divergente}{subsection.1.2}% 8
\BOOKMARK [2][-]{subsection.1.3}{Objectifs du stage}{section.1}% 9
\BOOKMARK [1][-]{section.2}{Mat\351riel et m\351thodes}{}% 10
\BOOKMARK [2][-]{subsection.2.1}{Le mat\351riel v\351g\351tal}{section.2}% 11
\BOOKMARK [2][-]{subsection.2.2}{M\351thodes}{section.2}% 12
\BOOKMARK [3][-]{subsubsection.2.2.1}{Mise en forme des donn\351es}{subsection.2.2}% 13
\BOOKMARK [3][-]{subsubsection.2.2.2}{Correction des donn\351es}{subsection.2.2}% 14
\BOOKMARK [2][-]{subsection.2.3}{R\351sultats}{section.2}% 15
\BOOKMARK [3][-]{subsubsection.2.3.1}{R\351ponse de la hauteur des plantes \340 la s\351lection pour la date de floraison}{subsection.2.3}% 16
\BOOKMARK [3][-]{subsubsection.2.3.2}{Corr\351lation entre hauteur et date de floraison}{subsection.2.3}% 17
\BOOKMARK [1][-]{section.3}{Discussion}{}% 18
\BOOKMARK [1][-]{section.4}{Conclusion}{}% 19
\BOOKMARK [1][-]{appendix.A}{Codes sources}{}% 20
