This is pdfTeX, Version 3.1415926-2.4-1.40.13 (TeX Live 2012/Debian) (format=pdflatex 2015.4.15)  22 MAY 2015 16:29
entering extended mode
 restricted \write18 enabled.
 %&-line parsing enabled.
**\nonstopmode\input rapportv2.tex
(./rapportv2.tex (/usr/share/texlive/texmf-dist/tex/latex/base/article.cls
Document Class: article 2007/10/19 v1.4h Standard LaTeX document class
(/usr/share/texlive/texmf-dist/tex/latex/base/size12.clo
File: size12.clo 2007/10/19 v1.4h Standard LaTeX file (size option)
)
\c@part=\count79
\c@section=\count80
\c@subsection=\count81
\c@subsubsection=\count82
\c@paragraph=\count83
\c@subparagraph=\count84
\c@figure=\count85
\c@table=\count86
\abovecaptionskip=\skip41
\belowcaptionskip=\skip42
\bibindent=\dimen102
)
(/usr/share/texlive/texmf-dist/tex/latex/base/inputenc.sty
Package: inputenc 2008/03/30 v1.1d Input encoding file
\inpenc@prehook=\toks14
\inpenc@posthook=\toks15

(/usr/share/texlive/texmf-dist/tex/latex/base/utf8.def
File: utf8.def 2008/04/05 v1.1m UTF-8 support for inputenc
Now handling font encoding OML ...
... no UTF-8 mapping file for font encoding OML
Now handling font encoding T1 ...
... processing UTF-8 mapping file for font encoding T1

(/usr/share/texlive/texmf-dist/tex/latex/base/t1enc.dfu
File: t1enc.dfu 2008/04/05 v1.1m UTF-8 support for inputenc
   defining Unicode char U+00A1 (decimal 161)
   defining Unicode char U+00A3 (decimal 163)
   defining Unicode char U+00AB (decimal 171)
   defining Unicode char U+00BB (decimal 187)
   defining Unicode char U+00BF (decimal 191)
   defining Unicode char U+00C0 (decimal 192)
   defining Unicode char U+00C1 (decimal 193)
   defining Unicode char U+00C2 (decimal 194)
   defining Unicode char U+00C3 (decimal 195)
   defining Unicode char U+00C4 (decimal 196)
   defining Unicode char U+00C5 (decimal 197)
   defining Unicode char U+00C6 (decimal 198)
   defining Unicode char U+00C7 (decimal 199)
   defining Unicode char U+00C8 (decimal 200)
   defining Unicode char U+00C9 (decimal 201)
   defining Unicode char U+00CA (decimal 202)
   defining Unicode char U+00CB (decimal 203)
   defining Unicode char U+00CC (decimal 204)
   defining Unicode char U+00CD (decimal 205)
   defining Unicode char U+00CE (decimal 206)
   defining Unicode char U+00CF (decimal 207)
   defining Unicode char U+00D0 (decimal 208)
   defining Unicode char U+00D1 (decimal 209)
   defining Unicode char U+00D2 (decimal 210)
   defining Unicode char U+00D3 (decimal 211)
   defining Unicode char U+00D4 (decimal 212)
   defining Unicode char U+00D5 (decimal 213)
   defining Unicode char U+00D6 (decimal 214)
   defining Unicode char U+00D8 (decimal 216)
   defining Unicode char U+00D9 (decimal 217)
   defining Unicode char U+00DA (decimal 218)
   defining Unicode char U+00DB (decimal 219)
   defining Unicode char U+00DC (decimal 220)
   defining Unicode char U+00DD (decimal 221)
   defining Unicode char U+00DE (decimal 222)
   defining Unicode char U+00DF (decimal 223)
   defining Unicode char U+00E0 (decimal 224)
   defining Unicode char U+00E1 (decimal 225)
   defining Unicode char U+00E2 (decimal 226)
   defining Unicode char U+00E3 (decimal 227)
   defining Unicode char U+00E4 (decimal 228)
   defining Unicode char U+00E5 (decimal 229)
   defining Unicode char U+00E6 (decimal 230)
   defining Unicode char U+00E7 (decimal 231)
   defining Unicode char U+00E8 (decimal 232)
   defining Unicode char U+00E9 (decimal 233)
   defining Unicode char U+00EA (decimal 234)
   defining Unicode char U+00EB (decimal 235)
   defining Unicode char U+00EC (decimal 236)
   defining Unicode char U+00ED (decimal 237)
   defining Unicode char U+00EE (decimal 238)
   defining Unicode char U+00EF (decimal 239)
   defining Unicode char U+00F0 (decimal 240)
   defining Unicode char U+00F1 (decimal 241)
   defining Unicode char U+00F2 (decimal 242)
   defining Unicode char U+00F3 (decimal 243)
   defining Unicode char U+00F4 (decimal 244)
   defining Unicode char U+00F5 (decimal 245)
   defining Unicode char U+00F6 (decimal 246)
   defining Unicode char U+00F8 (decimal 248)
   defining Unicode char U+00F9 (decimal 249)
   defining Unicode char U+00FA (decimal 250)
   defining Unicode char U+00FB (decimal 251)
   defining Unicode char U+00FC (decimal 252)
   defining Unicode char U+00FD (decimal 253)
   defining Unicode char U+00FE (decimal 254)
   defining Unicode char U+00FF (decimal 255)
   defining Unicode char U+0102 (decimal 258)
   defining Unicode char U+0103 (decimal 259)
   defining Unicode char U+0104 (decimal 260)
   defining Unicode char U+0105 (decimal 261)
   defining Unicode char U+0106 (decimal 262)
   defining Unicode char U+0107 (decimal 263)
   defining Unicode char U+010C (decimal 268)
   defining Unicode char U+010D (decimal 269)
   defining Unicode char U+010E (decimal 270)
   defining Unicode char U+010F (decimal 271)
   defining Unicode char U+0110 (decimal 272)
   defining Unicode char U+0111 (decimal 273)
   defining Unicode char U+0118 (decimal 280)
   defining Unicode char U+0119 (decimal 281)
   defining Unicode char U+011A (decimal 282)
   defining Unicode char U+011B (decimal 283)
   defining Unicode char U+011E (decimal 286)
   defining Unicode char U+011F (decimal 287)
   defining Unicode char U+0130 (decimal 304)
   defining Unicode char U+0131 (decimal 305)
   defining Unicode char U+0132 (decimal 306)
   defining Unicode char U+0133 (decimal 307)
   defining Unicode char U+0139 (decimal 313)
   defining Unicode char U+013A (decimal 314)
   defining Unicode char U+013D (decimal 317)
   defining Unicode char U+013E (decimal 318)
   defining Unicode char U+0141 (decimal 321)
   defining Unicode char U+0142 (decimal 322)
   defining Unicode char U+0143 (decimal 323)
   defining Unicode char U+0144 (decimal 324)
   defining Unicode char U+0147 (decimal 327)
   defining Unicode char U+0148 (decimal 328)
   defining Unicode char U+014A (decimal 330)
   defining Unicode char U+014B (decimal 331)
   defining Unicode char U+0150 (decimal 336)
   defining Unicode char U+0151 (decimal 337)
   defining Unicode char U+0152 (decimal 338)
   defining Unicode char U+0153 (decimal 339)
   defining Unicode char U+0154 (decimal 340)
   defining Unicode char U+0155 (decimal 341)
   defining Unicode char U+0158 (decimal 344)
   defining Unicode char U+0159 (decimal 345)
   defining Unicode char U+015A (decimal 346)
   defining Unicode char U+015B (decimal 347)
   defining Unicode char U+015E (decimal 350)
   defining Unicode char U+015F (decimal 351)
   defining Unicode char U+0160 (decimal 352)
   defining Unicode char U+0161 (decimal 353)
   defining Unicode char U+0162 (decimal 354)
   defining Unicode char U+0163 (decimal 355)
   defining Unicode char U+0164 (decimal 356)
   defining Unicode char U+0165 (decimal 357)
   defining Unicode char U+016E (decimal 366)
   defining Unicode char U+016F (decimal 367)
   defining Unicode char U+0170 (decimal 368)
   defining Unicode char U+0171 (decimal 369)
   defining Unicode char U+0178 (decimal 376)
   defining Unicode char U+0179 (decimal 377)
   defining Unicode char U+017A (decimal 378)
   defining Unicode char U+017B (decimal 379)
   defining Unicode char U+017C (decimal 380)
   defining Unicode char U+017D (decimal 381)
   defining Unicode char U+017E (decimal 382)
   defining Unicode char U+200C (decimal 8204)
   defining Unicode char U+2013 (decimal 8211)
   defining Unicode char U+2014 (decimal 8212)
   defining Unicode char U+2018 (decimal 8216)
   defining Unicode char U+2019 (decimal 8217)
   defining Unicode char U+201A (decimal 8218)
   defining Unicode char U+201C (decimal 8220)
   defining Unicode char U+201D (decimal 8221)
   defining Unicode char U+201E (decimal 8222)
   defining Unicode char U+2030 (decimal 8240)
   defining Unicode char U+2031 (decimal 8241)
   defining Unicode char U+2039 (decimal 8249)
   defining Unicode char U+203A (decimal 8250)
   defining Unicode char U+2423 (decimal 9251)
)
Now handling font encoding OT1 ...
... processing UTF-8 mapping file for font encoding OT1

(/usr/share/texlive/texmf-dist/tex/latex/base/ot1enc.dfu
File: ot1enc.dfu 2008/04/05 v1.1m UTF-8 support for inputenc
   defining Unicode char U+00A1 (decimal 161)
   defining Unicode char U+00A3 (decimal 163)
   defining Unicode char U+00B8 (decimal 184)
   defining Unicode char U+00BF (decimal 191)
   defining Unicode char U+00C5 (decimal 197)
   defining Unicode char U+00C6 (decimal 198)
   defining Unicode char U+00D8 (decimal 216)
   defining Unicode char U+00DF (decimal 223)
   defining Unicode char U+00E6 (decimal 230)
   defining Unicode char U+00EC (decimal 236)
   defining Unicode char U+00ED (decimal 237)
   defining Unicode char U+00EE (decimal 238)
   defining Unicode char U+00EF (decimal 239)
   defining Unicode char U+00F8 (decimal 248)
   defining Unicode char U+0131 (decimal 305)
   defining Unicode char U+0141 (decimal 321)
   defining Unicode char U+0142 (decimal 322)
   defining Unicode char U+0152 (decimal 338)
   defining Unicode char U+0153 (decimal 339)
   defining Unicode char U+2013 (decimal 8211)
   defining Unicode char U+2014 (decimal 8212)
   defining Unicode char U+2018 (decimal 8216)
   defining Unicode char U+2019 (decimal 8217)
   defining Unicode char U+201C (decimal 8220)
   defining Unicode char U+201D (decimal 8221)
)
Now handling font encoding OMS ...
... processing UTF-8 mapping file for font encoding OMS

(/usr/share/texlive/texmf-dist/tex/latex/base/omsenc.dfu
File: omsenc.dfu 2008/04/05 v1.1m UTF-8 support for inputenc
   defining Unicode char U+00A7 (decimal 167)
   defining Unicode char U+00B6 (decimal 182)
   defining Unicode char U+00B7 (decimal 183)
   defining Unicode char U+2020 (decimal 8224)
   defining Unicode char U+2021 (decimal 8225)
   defining Unicode char U+2022 (decimal 8226)
)
Now handling font encoding OMX ...
... no UTF-8 mapping file for font encoding OMX
Now handling font encoding U ...
... no UTF-8 mapping file for font encoding U
   defining Unicode char U+00A9 (decimal 169)
   defining Unicode char U+00AA (decimal 170)
   defining Unicode char U+00AE (decimal 174)
   defining Unicode char U+00BA (decimal 186)
   defining Unicode char U+02C6 (decimal 710)
   defining Unicode char U+02DC (decimal 732)
   defining Unicode char U+200C (decimal 8204)
   defining Unicode char U+2026 (decimal 8230)
   defining Unicode char U+2122 (decimal 8482)
   defining Unicode char U+2423 (decimal 9251)
))
(/usr/share/texlive/texmf-dist/tex/latex/base/fontenc.sty
Package: fontenc 2005/09/27 v1.99g Standard LaTeX package

(/usr/share/texlive/texmf-dist/tex/latex/base/t1enc.def
File: t1enc.def 2005/09/27 v1.99g Standard LaTeX file
LaTeX Font Info:    Redeclaring font encoding T1 on input line 43.
))
(/usr/share/texlive/texmf-dist/tex/latex/amsmath/amsmath.sty
Package: amsmath 2000/07/18 v2.13 AMS math features
\@mathmargin=\skip43

For additional information on amsmath, use the `?' option.
(/usr/share/texlive/texmf-dist/tex/latex/amsmath/amstext.sty
Package: amstext 2000/06/29 v2.01

(/usr/share/texlive/texmf-dist/tex/latex/amsmath/amsgen.sty
File: amsgen.sty 1999/11/30 v2.0
\@emptytoks=\toks16
\ex@=\dimen103
))
(/usr/share/texlive/texmf-dist/tex/latex/amsmath/amsbsy.sty
Package: amsbsy 1999/11/29 v1.2d
\pmbraise@=\dimen104
)
(/usr/share/texlive/texmf-dist/tex/latex/amsmath/amsopn.sty
Package: amsopn 1999/12/14 v2.01 operator names
)
\inf@bad=\count87
LaTeX Info: Redefining \frac on input line 211.
\uproot@=\count88
\leftroot@=\count89
LaTeX Info: Redefining \overline on input line 307.
\classnum@=\count90
\DOTSCASE@=\count91
LaTeX Info: Redefining \ldots on input line 379.
LaTeX Info: Redefining \dots on input line 382.
LaTeX Info: Redefining \cdots on input line 467.
\Mathstrutbox@=\box26
\strutbox@=\box27
\big@size=\dimen105
LaTeX Font Info:    Redeclaring font encoding OML on input line 567.
LaTeX Font Info:    Redeclaring font encoding OMS on input line 568.
\macc@depth=\count92
\c@MaxMatrixCols=\count93
\dotsspace@=\muskip10
\c@parentequation=\count94
\dspbrk@lvl=\count95
\tag@help=\toks17
\row@=\count96
\column@=\count97
\maxfields@=\count98
\andhelp@=\toks18
\eqnshift@=\dimen106
\alignsep@=\dimen107
\tagshift@=\dimen108
\tagwidth@=\dimen109
\totwidth@=\dimen110
\lineht@=\dimen111
\@envbody=\toks19
\multlinegap=\skip44
\multlinetaggap=\skip45
\mathdisplay@stack=\toks20
LaTeX Info: Redefining \[ on input line 2666.
LaTeX Info: Redefining \] on input line 2667.
)
(/usr/share/texlive/texmf-dist/tex/latex/amsfonts/amsfonts.sty
Package: amsfonts 2009/06/22 v3.00 Basic AMSFonts support
\symAMSa=\mathgroup4
\symAMSb=\mathgroup5
LaTeX Font Info:    Overwriting math alphabet `\mathfrak' in version `bold'
(Font)                  U/euf/m/n --> U/euf/b/n on input line 96.
)
(/usr/share/texlive/texmf-dist/tex/latex/amsfonts/amssymb.sty
Package: amssymb 2009/06/22 v3.00
)
(/usr/share/texlive/texmf-dist/tex/generic/babel/babel.sty
Package: babel 2008/07/08 v3.8m The Babel package

(/usr/share/texlive/texmf-dist/tex/generic/babel/frenchb.ldf
Language: frenchb 2010/08/21 v2.5a French support from the babel system

(/usr/share/texlive/texmf-dist/tex/generic/babel/babel.def
File: babel.def 2008/07/08 v3.8m Babel common definitions
\babel@savecnt=\count99
\U@D=\dimen112
)

Package babel Warning: No hyphenation patterns were loaded for
(babel)                the language `French'
(babel)                I will use the patterns loaded for \language=0 instead.

\l@french = a dialect from \language0
Package babel Info: Making : an active character on input line 234.
Package babel Info: Making ; an active character on input line 235.
Package babel Info: Making ! an active character on input line 236.
Package babel Info: Making ? an active character on input line 237.
\FB@Mht=\dimen113
\std@mcc=\count100
\dec@mcc=\count101
\parindentFFN=\dimen114
*************************************
* Local config file frenchb.cfg used
*
(/usr/share/texlive/texmf-dist/tex/generic/babel/frenchb.cfg)))
(/usr/share/texlive/texmf-dist/tex/latex/carlisle/scalefnt.sty)
(/usr/share/texlive/texmf-dist/tex/latex/graphics/keyval.sty
Package: keyval 1999/03/16 v1.13 key=value parser (DPC)
\KV@toks@=\toks21
)
(/usr/share/texlive/texmf-dist/tex/latex/graphics/graphicx.sty
Package: graphicx 1999/02/16 v1.0f Enhanced LaTeX Graphics (DPC,SPQR)

(/usr/share/texlive/texmf-dist/tex/latex/graphics/graphics.sty
Package: graphics 2009/02/05 v1.0o Standard LaTeX Graphics (DPC,SPQR)

(/usr/share/texlive/texmf-dist/tex/latex/graphics/trig.sty
Package: trig 1999/03/16 v1.09 sin cos tan (DPC)
)
(/usr/share/texlive/texmf-dist/tex/latex/latexconfig/graphics.cfg
File: graphics.cfg 2010/04/23 v1.9 graphics configuration of TeX Live
)
Package graphics Info: Driver file: pdftex.def on input line 91.

(/usr/share/texlive/texmf-dist/tex/latex/pdftex-def/pdftex.def
File: pdftex.def 2011/05/27 v0.06d Graphics/color for pdfTeX

(/usr/share/texlive/texmf-dist/tex/generic/oberdiek/infwarerr.sty
Package: infwarerr 2010/04/08 v1.3 Providing info/warning/error messages (HO)
)
(/usr/share/texlive/texmf-dist/tex/generic/oberdiek/ltxcmds.sty
Package: ltxcmds 2011/11/09 v1.22 LaTeX kernel commands for general use (HO)
)
\Gread@gobject=\count102
))
\Gin@req@height=\dimen115
\Gin@req@width=\dimen116
)
(/usr/share/texlive/texmf-dist/tex/latex/wrapfig/wrapfig.sty
\wrapoverhang=\dimen117
\WF@size=\dimen118
\c@WF@wrappedlines=\count103
\WF@box=\box28
\WF@everypar=\toks22
Package: wrapfig 2003/01/31  v 3.6
)
(/usr/share/texlive/texmf-dist/tex/latex/hyperref/hyperref.sty
Package: hyperref 2012/05/13 v6.82q Hypertext links for LaTeX

(/usr/share/texlive/texmf-dist/tex/generic/oberdiek/hobsub-hyperref.sty
Package: hobsub-hyperref 2012/05/28 v1.13 Bundle oberdiek, subset hyperref (HO)


(/usr/share/texlive/texmf-dist/tex/generic/oberdiek/hobsub-generic.sty
Package: hobsub-generic 2012/05/28 v1.13 Bundle oberdiek, subset generic (HO)
Package: hobsub 2012/05/28 v1.13 Construct package bundles (HO)
Package hobsub Info: Skipping package `infwarerr' (already loaded).
Package hobsub Info: Skipping package `ltxcmds' (already loaded).
Package: ifluatex 2010/03/01 v1.3 Provides the ifluatex switch (HO)
Package ifluatex Info: LuaTeX not detected.
Package: ifvtex 2010/03/01 v1.5 Detect VTeX and its facilities (HO)
Package ifvtex Info: VTeX not detected.
Package: intcalc 2007/09/27 v1.1 Expandable calculations with integers (HO)
Package: ifpdf 2011/01/30 v2.3 Provides the ifpdf switch (HO)
Package ifpdf Info: pdfTeX in PDF mode is detected.
Package: etexcmds 2011/02/16 v1.5 Avoid name clashes with e-TeX commands (HO)
Package etexcmds Info: Could not find \expanded.
(etexcmds)             That can mean that you are not using pdfTeX 1.50 or
(etexcmds)             that some package has redefined \expanded.
(etexcmds)             In the latter case, load this package earlier.
Package: kvsetkeys 2012/04/25 v1.16 Key value parser (HO)
Package: kvdefinekeys 2011/04/07 v1.3 Define keys (HO)
Package: pdftexcmds 2011/11/29 v0.20 Utility functions of pdfTeX for LuaTeX (HO
)
Package pdftexcmds Info: LuaTeX not detected.
Package pdftexcmds Info: \pdf@primitive is available.
Package pdftexcmds Info: \pdf@ifprimitive is available.
Package pdftexcmds Info: \pdfdraftmode found.
Package: pdfescape 2011/11/25 v1.13 Implements pdfTeX's escape features (HO)
Package: bigintcalc 2012/04/08 v1.3 Expandable calculations on big integers (HO
)
Package: bitset 2011/01/30 v1.1 Handle bit-vector datatype (HO)
Package: uniquecounter 2011/01/30 v1.2 Provide unlimited unique counter (HO)
)
Package hobsub Info: Skipping package `hobsub' (already loaded).
Package: letltxmacro 2010/09/02 v1.4 Let assignment for LaTeX macros (HO)
Package: hopatch 2012/05/28 v1.2 Wrapper for package hooks (HO)
Package: xcolor-patch 2011/01/30 xcolor patch
Package: atveryend 2011/06/30 v1.8 Hooks at the very end of document (HO)
Package atveryend Info: \enddocument detected (standard20110627).
Package: atbegshi 2011/10/05 v1.16 At begin shipout hook (HO)
Package: refcount 2011/10/16 v3.4 Data extraction from label references (HO)
Package: hycolor 2011/01/30 v1.7 Color options for hyperref/bookmark (HO)
)
(/usr/share/texlive/texmf-dist/tex/generic/ifxetex/ifxetex.sty
Package: ifxetex 2010/09/12 v0.6 Provides ifxetex conditional
)
(/usr/share/texlive/texmf-dist/tex/latex/oberdiek/kvoptions.sty
Package: kvoptions 2011/06/30 v3.11 Key value format for package options (HO)
)
\@linkdim=\dimen119
\Hy@linkcounter=\count104
\Hy@pagecounter=\count105

(/usr/share/texlive/texmf-dist/tex/latex/hyperref/pd1enc.def
File: pd1enc.def 2012/05/13 v6.82q Hyperref: PDFDocEncoding definition (HO)
Now handling font encoding PD1 ...
... no UTF-8 mapping file for font encoding PD1
)
\Hy@SavedSpaceFactor=\count106

(/usr/share/texlive/texmf-dist/tex/latex/latexconfig/hyperref.cfg
File: hyperref.cfg 2002/06/06 v1.2 hyperref configuration of TeXLive
)
Package hyperref Info: Hyper figures OFF on input line 4062.
Package hyperref Info: Link nesting OFF on input line 4067.
Package hyperref Info: Hyper index ON on input line 4070.
Package hyperref Info: Plain pages OFF on input line 4077.
Package hyperref Info: Backreferencing OFF on input line 4082.
Package hyperref Info: Implicit mode ON; LaTeX internals redefined.
Package hyperref Info: Bookmarks ON on input line 4300.
\c@Hy@tempcnt=\count107

(/usr/share/texlive/texmf-dist/tex/latex/url/url.sty
\Urlmuskip=\muskip11
Package: url 2006/04/12  ver 3.3  Verb mode for urls, etc.
)
LaTeX Info: Redefining \url on input line 4653.
\Fld@menulength=\count108
\Field@Width=\dimen120
\Fld@charsize=\dimen121
Package hyperref Info: Hyper figures OFF on input line 5773.
Package hyperref Info: Link nesting OFF on input line 5778.
Package hyperref Info: Hyper index ON on input line 5781.
Package hyperref Info: backreferencing OFF on input line 5788.
Package hyperref Info: Link coloring OFF on input line 5793.
Package hyperref Info: Link coloring with OCG OFF on input line 5798.
Package hyperref Info: PDF/A mode OFF on input line 5803.
LaTeX Info: Redefining \ref on input line 5843.
LaTeX Info: Redefining \pageref on input line 5847.
\Hy@abspage=\count109
\c@Item=\count110
\c@Hfootnote=\count111
)

Package hyperref Message: Driver (autodetected): hpdftex.

(/usr/share/texlive/texmf-dist/tex/latex/hyperref/hpdftex.def
File: hpdftex.def 2012/05/13 v6.82q Hyperref driver for pdfTeX
\Fld@listcount=\count112
\c@bookmark@seq@number=\count113

(/usr/share/texlive/texmf-dist/tex/latex/oberdiek/rerunfilecheck.sty
Package: rerunfilecheck 2011/04/15 v1.7 Rerun checks for auxiliary files (HO)
Package uniquecounter Info: New unique counter `rerunfilecheck' on input line 2
82.
)
\Hy@SectionHShift=\skip46
)
(/usr/share/texlive/texmf-dist/tex/latex/cancel/cancel.sty
Package: cancel 2000/03/12 v2.1 Cancel math terms
)
(/usr/share/texlive/texmf-dist/tex/latex/graphics/color.sty
Package: color 2005/11/14 v1.0j Standard LaTeX Color (DPC)

(/usr/share/texlive/texmf-dist/tex/latex/latexconfig/color.cfg
File: color.cfg 2007/01/18 v1.5 color configuration of teTeX/TeXLive
)
Package color Info: Driver file: pdftex.def on input line 130.
)
(/usr/share/texlive/texmf-dist/tex/generic/ulem/ulem.sty
\UL@box=\box29
\UL@hyphenbox=\box30
\UL@skip=\skip47
\UL@hook=\toks23
\UL@height=\dimen122
\UL@pe=\count114
\UL@pixel=\dimen123
\ULC@box=\box31
Package: ulem 2012/05/18
\ULdepth=\dimen124
)
(/usr/share/texlive/texmf-dist/tex/latex/soul/soul.sty
Package: soul 2003/11/17 v2.4 letterspacing/underlining (mf)
\SOUL@word=\toks24
\SOUL@lasttoken=\toks25
\SOUL@cmds=\toks26
\SOUL@buffer=\toks27
\SOUL@token=\toks28
\SOUL@spaceskip=\skip48
\SOUL@ttwidth=\dimen125
\SOUL@uldp=\dimen126
\SOUL@ulht=\dimen127
)
(/usr/share/texlive/texmf-dist/tex/latex/geometry/geometry.sty
Package: geometry 2010/09/12 v5.6 Page Geometry
\Gm@cnth=\count115
\Gm@cntv=\count116
\c@Gm@tempcnt=\count117
\Gm@bindingoffset=\dimen128
\Gm@wd@mp=\dimen129
\Gm@odd@mp=\dimen130
\Gm@even@mp=\dimen131
\Gm@layoutwidth=\dimen132
\Gm@layoutheight=\dimen133
\Gm@layouthoffset=\dimen134
\Gm@layoutvoffset=\dimen135
\Gm@dimlist=\toks29
)
(/usr/share/texlive/texmf-dist/tex/latex/subfigure/subfigure.sty
Package: subfigure 2002/03/15 v2.1.5 subfigure package
\subfigtopskip=\skip49
\subfigcapskip=\skip50
\subfigcaptopadj=\dimen136
\subfigbottomskip=\skip51
\subfigcapmargin=\dimen137
\subfiglabelskip=\skip52
\c@subfigure=\count118
\c@lofdepth=\count119
\c@subtable=\count120
\c@lotdepth=\count121

****************************************
* Local config file subfigure.cfg used *
****************************************
(/usr/share/texlive/texmf-dist/tex/latex/subfigure/subfigure.cfg)
\subfig@top=\skip53
\subfig@bottom=\skip54
)
(/usr/share/texlive/texmf-dist/tex/latex/titlesec/titletoc.sty
Package: titletoc 2011/12/15 v1.6 TOC entries
\ttl@leftsep=\dimen138
)
(./rapportv2.aux)
\openout1 = `rapportv2.aux'.

LaTeX Font Info:    Checking defaults for OML/cmm/m/it on input line 26.
LaTeX Font Info:    ... okay on input line 26.
LaTeX Font Info:    Checking defaults for T1/cmr/m/n on input line 26.
LaTeX Font Info:    ... okay on input line 26.
LaTeX Font Info:    Checking defaults for OT1/cmr/m/n on input line 26.
LaTeX Font Info:    ... okay on input line 26.
LaTeX Font Info:    Checking defaults for OMS/cmsy/m/n on input line 26.
LaTeX Font Info:    ... okay on input line 26.
LaTeX Font Info:    Checking defaults for OMX/cmex/m/n on input line 26.
LaTeX Font Info:    ... okay on input line 26.
LaTeX Font Info:    Checking defaults for U/cmr/m/n on input line 26.
LaTeX Font Info:    ... okay on input line 26.
LaTeX Font Info:    Checking defaults for PD1/pdf/m/n on input line 26.
LaTeX Font Info:    ... okay on input line 26.
LaTeX Info: Redefining \degres on input line 26.
LaTeX Info: Redefining \dots on input line 26.
LaTeX Info: Redefining \up on input line 26.
 (/usr/share/texlive/texmf-dist/tex/context/base/supp-pdf.mkii
[Loading MPS to PDF converter (version 2006.09.02).]
\scratchcounter=\count122
\scratchdimen=\dimen139
\scratchbox=\box32
\nofMPsegments=\count123
\nofMParguments=\count124
\everyMPshowfont=\toks30
\MPscratchCnt=\count125
\MPscratchDim=\dimen140
\MPnumerator=\count126
\makeMPintoPDFobject=\count127
\everyMPtoPDFconversion=\toks31
) (/usr/share/texlive/texmf-dist/tex/latex/oberdiek/epstopdf-base.sty
Package: epstopdf-base 2010/02/09 v2.5 Base part for package epstopdf

(/usr/share/texlive/texmf-dist/tex/latex/oberdiek/grfext.sty
Package: grfext 2010/08/19 v1.1 Manage graphics extensions (HO)
)
Package grfext Info: Graphics extension search list:
(grfext)             [.png,.pdf,.jpg,.mps,.jpeg,.jbig2,.jb2,.PNG,.PDF,.JPG,.JPE
G,.JBIG2,.JB2,.eps]
(grfext)             \AppendGraphicsExtensions on input line 452.

(/usr/share/texlive/texmf-dist/tex/latex/latexconfig/epstopdf-sys.cfg
File: epstopdf-sys.cfg 2010/07/13 v1.3 Configuration of (r)epstopdf for TeX Liv
e
))
\AtBeginShipoutBox=\box33
Package hyperref Info: Link coloring OFF on input line 26.

(/usr/share/texlive/texmf-dist/tex/latex/hyperref/nameref.sty
Package: nameref 2010/04/30 v2.40 Cross-referencing by name of section

(/usr/share/texlive/texmf-dist/tex/generic/oberdiek/gettitlestring.sty
Package: gettitlestring 2010/12/03 v1.4 Cleanup title references (HO)
)
\c@section@level=\count128
)
LaTeX Info: Redefining \ref on input line 26.
LaTeX Info: Redefining \pageref on input line 26.
LaTeX Info: Redefining \nameref on input line 26.

(./rapportv2.out) (./rapportv2.out)
\@outlinefile=\write3
\openout3 = `rapportv2.out'.


*geometry* driver: auto-detecting
*geometry* detected driver: pdftex
*geometry* verbose mode - [ preamble ] result:
* driver: pdftex
* paper: a4paper
* layout: <same size as paper>
* layoutoffset:(h,v)=(0.0pt,0.0pt)
* modes: 
* h-part:(L,W,R)=(71.13188pt, 455.24411pt, 71.13188pt)
* v-part:(T,H,B)=(71.13188pt, 702.78308pt, 71.13188pt)
* \paperwidth=597.50787pt
* \paperheight=845.04684pt
* \textwidth=455.24411pt
* \textheight=702.78308pt
* \oddsidemargin=-1.1381pt
* \evensidemargin=-1.1381pt
* \topmargin=-38.1381pt
* \headheight=12.0pt
* \headsep=25.0pt
* \topskip=12.0pt
* \footskip=30.0pt
* \marginparwidth=35.0pt
* \marginparsep=10.0pt
* \columnsep=10.0pt
* \skip\footins=10.8pt plus 4.0pt minus 2.0pt
* \hoffset=0.0pt
* \voffset=0.0pt
* \mag=1000
* \@twocolumnfalse
* \@twosidefalse
* \@mparswitchfalse
* \@reversemarginfalse
* (1in=72.27pt=25.4mm, 1cm=28.453pt)

<logo.jpg, id=84, 1277.77374pt x 496.85625pt>
File: logo.jpg Graphic file (type jpg)
 <use logo.jpg>
Package pdftex.def Info: logo.jpg used on input line 54.
(pdftex.def)             Requested size: 142.26378pt x 55.31393pt.

Underfull \hbox (badness 10000) in paragraph at lines 55--59

 []


Underfull \hbox (badness 10000) in paragraph at lines 55--59

 []

<inra.jpg, id=85, 304.13625pt x 166.6225pt>
File: inra.jpg Graphic file (type jpg)
 <use inra.jpg>
Package pdftex.def Info: inra.jpg used on input line 62.
(pdftex.def)             Requested size: 113.81102pt x 62.35107pt.

<upsud.jpg, id=86, 295.1025pt x 172.645pt>
File: upsud.jpg Graphic file (type jpg)
 <use upsud.jpg>
Package pdftex.def Info: upsud.jpg used on input line 63.
(pdftex.def)             Requested size: 113.81102pt x 66.58311pt.
 [1

{/var/lib/texmf/fonts/map/pdftex/updmap/pdftex.map} <./logo.jpg> <./inra.jpg> <
./upsud.jpg>]
(./rapportv2.toc
LaTeX Font Info:    Try loading font information for U+msa on input line 4.
 (/usr/share/texlive/texmf-dist/tex/latex/amsfonts/umsa.fd
File: umsa.fd 2009/06/22 v3.00 AMS symbols A
)
LaTeX Font Info:    Try loading font information for U+msb on input line 4.

(/usr/share/texlive/texmf-dist/tex/latex/amsfonts/umsb.fd
File: umsb.fd 2009/06/22 v3.00 AMS symbols B
))
\tf@toc=\write4
\openout4 = `rapportv2.toc'.

 (./rapportv2.lof)
\tf@lof=\write5
\openout5 = `rapportv2.lof'.

pdfTeX warning (ext4): destination with the same identifier (name{page.1}) has 
been already used, duplicate ignored
<to be read again> 
                   \relax 
l.77 	\newpage
               [1] [2] <cycle.png, id=159, 1129.018pt x 431.211pt>
File: cycle.png Graphic file (type png)

<use cycle.png>
Package pdftex.def Info: cycle.png used on input line 109.
(pdftex.def)             Requested size: 389.80266pt x 148.8798pt.
 <comparaison.jpg, id=164, 397.485pt x 223.67564pt>
File: comparaison.jpg Graphic file (type jpg)

<use comparaison.jpg>
Package pdftex.def Info: comparaison.jpg used on input line 122.
(pdftex.def)             Requested size: 227.62206pt x 128.0937pt.


LaTeX Warning: `h' float specifier changed to `ht'.


Overfull \hbox (0.77075pt too wide) in paragraph at lines 135--136
 []\T1/cmr/bx/n/12 Des forces évo-lu-tives[] \T1/cmr/m/n/12 Les in-di-vidus d'u
ne pop-u-la-tion in-ter-agis-sent de façon dy-namique
 []

[3 <./cycle.png>] <selection.png, id=178, 735.74875pt x 799.98875pt>
File: selection.png Graphic file (type png)

<use selection.png>
Package pdftex.def Info: selection.png used on input line 143.
(pdftex.def)             Requested size: 227.62206pt x 247.49347pt.
 [4 <./comparaison.jpg>]
<selec_div.png, id=189, 525.162pt x 412.742pt>
File: selec_div.png Graphic file (type png)
 <use selec_div.png>
Package pdftex.def Info: selec_div.png used on input line 172.
(pdftex.def)             Requested size: 199.16928pt x 156.52869pt.

<carte_gen.png, id=190, 838.13126pt x 782.925pt>
File: carte_gen.png Graphic file (type png)
 <use carte_gen.png>
Package pdftex.def Info: carte_gen.png used on input line 179.
(pdftex.def)             Requested size: 199.16928pt x 186.04219pt.


LaTeX Warning: `h' float specifier changed to `ht'.

[5 <./selection.png (PNG copy)>] [6 <./selec_div.png> <./carte_gen.png (PNG cop
y)>]
Underfull \hbox (badness 10000) in paragraph at lines 208--210

 []

<plot_haut_pop_F252_PRECOCE.pdf, id=216, 505.89pt x 505.89pt>
File: plot_haut_pop_F252_PRECOCE.pdf Graphic file (type pdf)

<use plot_haut_pop_F252_PRECOCE.pdf>
Package pdftex.def Info: plot_haut_pop_F252_PRECOCE.pdf used on input line 219.

(pdftex.def)             Requested size: 128.0374pt x 128.03918pt.

<plot_haut_pop_F252_TEMOIN.pdf, id=217, 505.89pt x 505.89pt>
File: plot_haut_pop_F252_TEMOIN.pdf Graphic file (type pdf)

<use plot_haut_pop_F252_TEMOIN.pdf>
Package pdftex.def Info: plot_haut_pop_F252_TEMOIN.pdf used on input line 224.
(pdftex.def)             Requested size: 128.0374pt x 128.03918pt.

<plot_haut_pop_F252_TARDIF.pdf, id=218, 505.89pt x 505.89pt>
File: plot_haut_pop_F252_TARDIF.pdf Graphic file (type pdf)

<use plot_haut_pop_F252_TARDIF.pdf>
Package pdftex.def Info: plot_haut_pop_F252_TARDIF.pdf used on input line 229.
(pdftex.def)             Requested size: 128.0374pt x 128.03918pt.

<plot_haut_pop_MBS_PRECOCE.pdf, id=219, 505.89pt x 505.89pt>
File: plot_haut_pop_MBS_PRECOCE.pdf Graphic file (type pdf)

<use plot_haut_pop_MBS_PRECOCE.pdf>
Package pdftex.def Info: plot_haut_pop_MBS_PRECOCE.pdf used on input line 237.
(pdftex.def)             Requested size: 128.0374pt x 128.03918pt.

<plot_haut_pop_MBS_TEMOIN.pdf, id=220, 505.89pt x 505.89pt>
File: plot_haut_pop_MBS_TEMOIN.pdf Graphic file (type pdf)

<use plot_haut_pop_MBS_TEMOIN.pdf>
Package pdftex.def Info: plot_haut_pop_MBS_TEMOIN.pdf used on input line 242.
(pdftex.def)             Requested size: 128.0374pt x 128.03918pt.

<plot_haut_pop_MBS_TARDIF.pdf, id=221, 505.89pt x 505.89pt>
File: plot_haut_pop_MBS_TARDIF.pdf Graphic file (type pdf)

<use plot_haut_pop_MBS_TARDIF.pdf>
Package pdftex.def Info: plot_haut_pop_MBS_TARDIF.pdf used on input line 247.
(pdftex.def)             Requested size: 128.0374pt x 128.03918pt.


LaTeX Warning: `h' float specifier changed to `ht'.

[7 <./plot_haut_pop_F252_PRECOCE.pdf> <./plot_haut_pop_F252_TEMOIN.pdf> <./plot
_haut_pop_F252_TARDIF.pdf>]
<plot_haut-flo_F252.pdf, id=254, 505.89pt x 505.89pt>
File: plot_haut-flo_F252.pdf Graphic file (type pdf)

<use plot_haut-flo_F252.pdf>
Package pdftex.def Info: plot_haut-flo_F252.pdf used on input line 262.
(pdftex.def)             Requested size: 204.85846pt x 204.86116pt.

<plot_haut-flo_MBS.pdf, id=255, 505.89pt x 505.89pt>
File: plot_haut-flo_MBS.pdf Graphic file (type pdf)

<use plot_haut-flo_MBS.pdf>
Package pdftex.def Info: plot_haut-flo_MBS.pdf used on input line 265.
(pdftex.def)             Requested size: 204.85846pt x 204.86116pt.
 [8 <./plot_haut_pop_MBS_PRECOCE.pdf> <./plot_haut_pop_MBS_TEMOIN.pdf> <./plot_
haut_pop_MBS_TARDIF.pdf> <./plot_haut-flo_F252.pdf> <./plot_haut-flo_MBS.pdf>]
<plot_haut-flo_f39.pdf, id=302, 505.89pt x 505.89pt>
File: plot_haut-flo_f39.pdf Graphic file (type pdf)

<use plot_haut-flo_f39.pdf>
Package pdftex.def Info: plot_haut-flo_f39.pdf used on input line 278.
(pdftex.def)             Requested size: 204.85846pt x 204.86116pt.

<plot_haut-flo_m49.pdf, id=303, 505.89pt x 505.89pt>
File: plot_haut-flo_m49.pdf Graphic file (type pdf)

<use plot_haut-flo_m49.pdf>
Package pdftex.def Info: plot_haut-flo_m49.pdf used on input line 281.
(pdftex.def)             Requested size: 204.85846pt x 204.86116pt.

Underfull \hbox (badness 10000) in paragraph at lines 288--292

 []

<F2522013.pdf, id=306, 505.89pt x 505.89pt>
File: F2522013.pdf Graphic file (type pdf)
 <use F2522013.pdf>
Package pdftex.def Info: F2522013.pdf used on input line 296.
(pdftex.def)             Requested size: 204.85846pt x 204.86116pt.

<F2522014.pdf, id=307, 505.89pt x 505.89pt>
File: F2522014.pdf Graphic file (type pdf)
 <use F2522014.pdf>
Package pdftex.def Info: F2522014.pdf used on input line 299.
(pdftex.def)             Requested size: 204.85846pt x 204.86116pt.


LaTeX Warning: `!h' float specifier changed to `!ht'.

<MBS2013.pdf, id=308, 505.89pt x 505.89pt>
File: MBS2013.pdf Graphic file (type pdf)
 <use MBS2013.pdf>
Package pdftex.def Info: MBS2013.pdf used on input line 306.
(pdftex.def)             Requested size: 204.85846pt x 204.86116pt.

<MBS2014.pdf, id=309, 505.89pt x 505.89pt>
File: MBS2014.pdf Graphic file (type pdf)
 <use MBS2014.pdf>
Package pdftex.def Info: MBS2014.pdf used on input line 309.
(pdftex.def)             Requested size: 204.85846pt x 204.86116pt.


LaTeX Warning: `!h' float specifier changed to `!ht'.

[9 <./plot_haut-flo_f39.pdf> <./plot_haut-flo_m49.pdf>]
Underfull \hbox (badness 10000) in paragraph at lines 317--318

 []

[10 <./F2522013.pdf> <./F2522014.pdf> <./MBS2013.pdf> <./MBS2014.pdf>] [11]
(./rapportv2.bbl) [12]
LaTeX Font Info:    Try loading font information for T1+cmtt on input line 335.

 (/usr/share/texlive/texmf-dist/tex/latex/base/t1cmtt.fd
File: t1cmtt.fd 1999/05/25 v2.5h Standard LaTeX font definitions
)
Underfull \hbox (badness 10000) in paragraph at lines 335--337

 []


Overfull \hbox (14.94392pt too wide) in paragraph at lines 339--340
[]\T1/cmr/m/n/12 Ce script cor-rige les don-nées des an-nées et af-fiche un gra
phe (\T1/cmr/m/it/12 Référence\T1/cmr/m/n/12 )
 []

Package atveryend Info: Empty hook `BeforeClearDocument' on input line 346.
[13]
Package atveryend Info: Empty hook `AfterLastShipout' on input line 346.
 (./rapportv2.aux)
Package atveryend Info: Executing hook `AtVeryEndDocument' on input line 346.
Package atveryend Info: Executing hook `AtEndAfterFileList' on input line 346.
Package rerunfilecheck Info: File `rapportv2.out' has not changed.
(rerunfilecheck)             Checksum: 34F5AE6A4C258B52EECB69E0CD454F34;1563.
Package atveryend Info: Empty hook `AtVeryVeryEnd' on input line 346.
 ) 
Here is how much of TeX's memory you used:
 8247 strings out of 495059
 115365 string characters out of 3182030
 215123 words of memory out of 3000000
 11187 multiletter control sequences out of 15000+200000
 22351 words of font info for 53 fonts, out of 3000000 for 9000
 14 hyphenation exceptions out of 8191
 29i,9n,29p,936b,423s stack positions out of 5000i,500n,10000p,200000b,50000s
 </home/stagiaire/.texmf-var/fonts/pk/ljfour/jknappen/ec/ectt1200.600pk> </ho
me/stagiaire/.texmf-var/fonts/pk/ljfour/jknappen/ec/eccc1000.600pk> </home/stag
iaire/.texmf-var/fonts/pk/ljfour/jknappen/ec/ecti1000.600pk> </home/stagiaire/.
texmf-var/fonts/pk/ljfour/jknappen/ec/ecbx1000.600pk> </home/stagiaire/.texmf-v
ar/fonts/pk/ljfour/jknappen/ec/ecrm1000.600pk> </home/stagiaire/.texmf-var/font
s/pk/ljfour/jknappen/ec/ecrm0800.600pk> </home/stagiaire/.texmf-var/fonts/pk/lj
four/jknappen/ec/eccc1200.600pk> </home/stagiaire/.texmf-var/fonts/pk/ljfour/jk
nappen/ec/ecti1200.600pk> </home/stagiaire/.texmf-var/fonts/pk/ljfour/jknappen/
ec/ecbx1440.600pk> </home/stagiaire/.texmf-var/fonts/pk/ljfour/jknappen/ec/ecbx
1728.600pk> </home/stagiaire/.texmf-var/fonts/pk/ljfour/jknappen/ec/ecxc1200.60
0pk> </home/stagiaire/.texmf-var/fonts/pk/ljfour/jknappen/ec/ecbx1200.600pk> </
home/stagiaire/.texmf-var/fonts/pk/ljfour/jknappen/ec/ecrm1440.600pk> </home/st
agiaire/.texmf-var/fonts/pk/ljfour/jknappen/ec/ecrm2488.600pk> </home/stagiaire
/.texmf-var/fonts/pk/ljfour/jknappen/ec/ecrm1200.600pk> </home/stagiaire/.texmf
-var/fonts/pk/ljfour/jknappen/ec/eccc2074.600pk> </home/stagiaire/.texmf-var/fo
nts/pk/ljfour/jknappen/ec/ecrm2074.600pk> </home/stagiaire/.texmf-var/fonts/pk/
ljfour/jknappen/ec/ecbx2488.600pk></usr/share/texlive/texmf-dist/fonts/type1/pu
blic/amsfonts/cm/cmr8.pfb>
Output written on rapportv2.pdf (14 pages, 1665120 bytes).
PDF statistics:
 845 PDF objects out of 1000 (max. 8388607)
 398 compressed objects within 4 object streams
 74 named destinations out of 1000 (max. 500000)
 271 words of extra memory for PDF output out of 10000 (max. 10000000)

